2026-03-09 17:06:19 初始化提现追踪器配置...
2026-03-09 17:06:19 ⚠️  以下配置项未填写：wallet_address
2026-03-09 17:06:19 ⚠️  请先在 withdraw-config.json 中完成配置
2026-03-09 17:06:32 初始化提现追踪器配置...
2026-03-09 17:06:32 ⚠️  以下配置项未填写：wallet_address
2026-03-09 17:06:32 ⚠️  请先在 withdraw-config.json 中完成配置
2026-03-09 17:06:32 ==========================================
2026-03-09 17:06:32 ClawHub 自动提现检查
2026-03-09 17:06:32 ==========================================
2026-03-09 17:06:33 当前可用余额：¥
2026-03-09 17:06:33 [1;33m余额不足，还需 ¥ 才能提现[0m
2026-03-09 17:06:33 ==========================================
2026-03-09 17:07:00 ==========================================
2026-03-09 17:07:00 ClawHub 自动提现检查
2026-03-09 17:07:00 ==========================================
2026-03-09 17:07:00 当前可用余额：¥0
2026-03-09 17:07:00 [1;33m余额不足，还需 ¥1000 才能提现[0m
2026-03-09 17:07:01 ==========================================
2026-03-09 17:07:09 ==========================================
2026-03-09 17:07:09 ClawHub 自动提现检查
2026-03-09 17:07:09 ==========================================
2026-03-09 17:07:10 当前可用余额：¥0
2026-03-09 17:07:10 [1;33m余额不足，还需 ¥1000 才能提现[0m
2026-03-09 17:07:10 ==========================================
